<?xml version="1.0" encoding="UTF-8"?>
<!-- Generated by org.testng.reporters.JUnitReportReporter -->
<testsuite skipped="0" hostname="DESKTOP-URKGA8H" name="testCases.Organization" tests="1" failures="0" timestamp="01 May 2018 16:48:07 GMT" time="106.648" errors="0">
  <testcase name="TC_ORG_01" time="106.648" classname="testCases.Organization"/>
</testsuite> <!-- testCases.Organization -->
