<?xml version="1.0" encoding="UTF-8"?>
<!-- Generated by org.testng.reporters.JUnitReportReporter -->
<testsuite skipped="0" hostname="DESKTOP-URKGA8H" name="testCases.RequestService" tests="5" failures="0" timestamp="09 Jul 2018 08:08:35 GMT" time="118.207" errors="0">
  <testcase name="Tc_SPO_04" time="8.203" classname="testCases.RequestService"/>
  <testcase name="Tc_SPO_05" time="8.389" classname="testCases.RequestService"/>
  <testcase name="Tc_SPO_01" time="82.649" classname="testCases.RequestService"/>
  <testcase name="Tc_SPO_03" time="7.214" classname="testCases.RequestService"/>
  <testcase name="Tc_SPO_02" time="11.752" classname="testCases.RequestService"/>
</testsuite> <!-- testCases.RequestService -->
