<?xml version="1.0" encoding="UTF-8"?>
<!-- Generated by org.testng.reporters.JUnitReportReporter -->
<testsuite skipped="0" hostname="DESKTOP-URKGA8H" name="testcases_functionality.TC_Users" tests="2" failures="0" timestamp="09 Jul 2018 15:33:46 GMT" time="261.094" errors="0">
  <testcase name="Tc_User_001" time="58.529" classname="testcases_functionality.TC_Users"/>
  <testcase name="Tc_User_002" time="202.565" classname="testcases_functionality.TC_Users"/>
</testsuite> <!-- testcases_functionality.TC_Users -->
