<?xml version="1.0" encoding="UTF-8"?>
<!-- Generated by org.testng.reporters.JUnitReportReporter -->
<testsuite skipped="0" hostname="DESKTOP-URKGA8H" name="testCases.Planner" tests="2" failures="0" timestamp="01 May 2018 16:48:07 GMT" time="164.372" errors="0">
  <testcase name="Tc_Planner_01" time="141.010" classname="testCases.Planner"/>
  <testcase name="Tc_Planner_02" time="23.362" classname="testCases.Planner"/>
</testsuite> <!-- testCases.Planner -->
