<?xml version="1.0" encoding="UTF-8"?>
<!-- Generated by org.testng.reporters.JUnitReportReporter -->
<testsuite skipped="0" hostname="DESKTOP-URKGA8H" name="testcases_functionality.TC_Planner" tests="1" failures="0" timestamp="05 Jul 2018 09:52:10 GMT" time="120.353" errors="0">
  <testcase name="Tc_Planner_01" time="120.353" classname="testcases_functionality.TC_Planner"/>
</testsuite> <!-- testcases_functionality.TC_Planner -->
