<?xml version="1.0" encoding="UTF-8"?>
<!-- Generated by org.testng.reporters.JUnitReportReporter -->
<testsuite skipped="0" hostname="DESKTOP-URKGA8H" name="testcases_functionality.TC_Inventorylocation" tests="1" failures="0" timestamp="21 May 2018 06:58:58 GMT" time="89.558" errors="0">
  <testcase name="Tc_Inventorylocation_003" time="89.558" classname="testcases_functionality.TC_Inventorylocation"/>
</testsuite> <!-- testcases_functionality.TC_Inventorylocation -->
