<?xml version="1.0" encoding="UTF-8"?>
<!-- Generated by org.testng.reporters.JUnitReportReporter -->
<testsuite skipped="0" hostname="DESKTOP-URKGA8H" name="testcases_functionality.TC_Alert" tests="1" failures="0" timestamp="10 May 2018 09:47:40 GMT" time="74.607" errors="0">
  <testcase name="Tc_Alert_001" time="74.607" classname="testcases_functionality.TC_Alert"/>
</testsuite> <!-- testcases_functionality.TC_Alert -->
