<?xml version="1.0" encoding="UTF-8"?>
<!-- Generated by org.testng.reporters.JUnitReportReporter -->
<testsuite skipped="0" hostname="DESKTOP-URKGA8H" name="testCases.InvoicePage" tests="1" failures="0" timestamp="10 Jul 2018 07:34:39 GMT" time="191.854" errors="0">
  <testcase name="Tc_INV_01" time="191.854" classname="testCases.InvoicePage"/>
</testsuite> <!-- testCases.InvoicePage -->
