<?xml version="1.0" encoding="UTF-8"?>
<!-- Generated by org.testng.reporters.JUnitReportReporter -->
<testsuite skipped="0" hostname="DESKTOP-URKGA8H" name="testCases.Users" tests="5" failures="0" timestamp="09 Jul 2018 11:24:28 GMT" time="105.337" errors="0">
  <testcase name="Tc_Users_01" time="39.901" classname="testCases.Users"/>
  <testcase name="Tc_Users_03_08" time="10.294" classname="testCases.Users"/>
  <testcase name="Tc_Users_02" time="35.163" classname="testCases.Users"/>
  <testcase name="Tc_Users_04_08" time="11.909" classname="testCases.Users"/>
  <testcase name="Tc_Users_09" time="8.070" classname="testCases.Users"/>
</testsuite> <!-- testCases.Users -->
