<?xml version="1.0" encoding="UTF-8"?>
<!-- Generated by org.testng.reporters.JUnitReportReporter -->
<testsuite skipped="0" hostname="DESKTOP-URKGA8H" name="testcases_functionality.TC_Users" tests="2" failures="0" timestamp="31 May 2018 05:44:52 GMT" time="201.645" errors="0">
  <testcase name="Tc_User_001" time="35.073" classname="testcases_functionality.TC_Users"/>
  <testcase name="Tc_User_002" time="166.572" classname="testcases_functionality.TC_Users"/>
</testsuite> <!-- testcases_functionality.TC_Users -->
