<?xml version="1.0" encoding="UTF-8"?>
<!-- Generated by org.testng.reporters.JUnitReportReporter -->
<testsuite skipped="0" hostname="DESKTOP-URKGA8H" name="testCases.Organization" tests="1" failures="0" timestamp="10 Jul 2018 06:31:59 GMT" time="46.423" errors="0">
  <testcase name="TC_ORG_01" time="46.423" classname="testCases.Organization"/>
</testsuite> <!-- testCases.Organization -->
