<?xml version="1.0" encoding="UTF-8"?>
<!-- Generated by org.testng.reporters.JUnitReportReporter -->
<testsuite skipped="0" hostname="DESKTOP-URKGA8H" name="testcases_functionality.TC_Procedure" tests="2" failures="0" timestamp="06 Jul 2018 08:27:36 GMT" time="137.152" errors="0">
  <testcase name="Tc_Procedure_002" time="32.921" classname="testcases_functionality.TC_Procedure"/>
  <testcase name="Tc_Procedure_001" time="104.231" classname="testcases_functionality.TC_Procedure"/>
</testsuite> <!-- testcases_functionality.TC_Procedure -->
