<?xml version="1.0" encoding="UTF-8"?>
<!-- Generated by org.testng.reporters.JUnitReportReporter -->
<testsuite skipped="0" hostname="DESKTOP-URKGA8H" name="testcases_functionality.TC_Patterns" tests="1" failures="0" timestamp="28 May 2018 06:56:09 GMT" time="124.337" errors="0">
  <testcase name="Tc_Pattern_001" time="124.337" classname="testcases_functionality.TC_Patterns"/>
</testsuite> <!-- testcases_functionality.TC_Patterns -->
