<?xml version="1.0" encoding="UTF-8"?>
<!-- Generated by org.testng.reporters.JUnitReportReporter -->
<testsuite skipped="0" hostname="DESKTOP-URKGA8H" name="testcases_functionality.TC_Patients" tests="1" failures="0" timestamp="05 Jul 2018 08:54:00 GMT" time="136.330" errors="0">
  <testcase name="Tc_Patients_01" time="136.330" classname="testcases_functionality.TC_Patients"/>
</testsuite> <!-- testcases_functionality.TC_Patients -->
