<?xml version="1.0" encoding="UTF-8"?>
<!-- Generated by org.testng.reporters.JUnitReportReporter -->
<testsuite skipped="0" hostname="DESKTOP-URKGA8H" name="testCases.Patients" tests="7" failures="0" timestamp="02 May 2018 08:05:05 GMT" time="361.780" errors="0">
  <testcase name="Tc_Patients_11" time="30.790" classname="testCases.Patients"/>
  <testcase name="Tc_Patients_01_02" time="83.509" classname="testCases.Patients"/>
  <testcase name="Tc_Patients_03" time="22.992" classname="testCases.Patients"/>
  <testcase name="Tc_Patients_10" time="45.798" classname="testCases.Patients"/>
  <testcase name="Tc_Patients_07" time="54.310" classname="testCases.Patients"/>
  <testcase name="Tc_Patients_08_09" time="96.341" classname="testCases.Patients"/>
  <testcase name="Tc_Patients_05" time="28.040" classname="testCases.Patients"/>
</testsuite> <!-- testCases.Patients -->
