<?xml version="1.0" encoding="UTF-8"?>
<!-- Generated by org.testng.reporters.JUnitReportReporter -->
<testsuite skipped="0" hostname="DESKTOP-URKGA8H" name="testcases_functionality.TC_PreferenceCards" tests="3" failures="0" timestamp="11 Jul 2018 12:13:39 GMT" time="272.531" errors="0">
  <testcase name="Tc_PreferenceCards_003" time="45.950" classname="testcases_functionality.TC_PreferenceCards"/>
  <testcase name="Tc_PreferenceCards_001" time="194.894" classname="testcases_functionality.TC_PreferenceCards"/>
  <testcase name="Tc_PreferenceCards_002" time="31.687" classname="testcases_functionality.TC_PreferenceCards"/>
</testsuite> <!-- testcases_functionality.TC_PreferenceCards -->
