<?xml version="1.0" encoding="UTF-8"?>
<!-- Generated by org.testng.reporters.JUnitReportReporter -->
<testsuite skipped="0" hostname="DESKTOP-URKGA8H" name="testcases_functionality.TC_Vendor" tests="4" failures="0" timestamp="23 May 2018 05:56:54 GMT" time="196.447" errors="0">
  <testcase name="Tc_Vendor_004" time="29.811" classname="testcases_functionality.TC_Vendor"/>
  <testcase name="Tc_Vendor_001" time="66.003" classname="testcases_functionality.TC_Vendor"/>
  <testcase name="Tc_Vendor_002" time="8.310" classname="testcases_functionality.TC_Vendor"/>
  <testcase name="Tc_Vendor_003" time="92.323" classname="testcases_functionality.TC_Vendor"/>
</testsuite> <!-- testcases_functionality.TC_Vendor -->
