<?xml version="1.0" encoding="UTF-8"?>
<!-- Generated by org.testng.reporters.JUnitReportReporter -->
<testsuite skipped="0" hostname="DESKTOP-URKGA8H" name="testCases.ShopPage" tests="15" failures="0" timestamp="09 Jul 2018 07:54:33 GMT" time="342.301" errors="0">
  <testcase name="Tc_Shop_12" time="28.555" classname="testCases.ShopPage"/>
  <testcase name="Tc_Shop_6" time="20.888" classname="testCases.ShopPage"/>
  <testcase name="Tc_Shop_15" time="11.395" classname="testCases.ShopPage"/>
  <testcase name="Tc_Shop_10" time="14.272" classname="testCases.ShopPage"/>
  <testcase name="Tc_Shop_21" time="61.814" classname="testCases.ShopPage"/>
  <testcase name="Tc_Shop_19" time="12.086" classname="testCases.ShopPage"/>
  <testcase name="Tc_Shop_5" time="30.898" classname="testCases.ShopPage"/>
  <testcase name="Tc_Shop_16" time="8.309" classname="testCases.ShopPage"/>
  <testcase name="Tc_Shop_09" time="29.086" classname="testCases.ShopPage"/>
  <testcase name="Tc_Shop_08" time="23.997" classname="testCases.ShopPage"/>
  <testcase name="Tc_Shop_4" time="21.666" classname="testCases.ShopPage"/>
  <testcase name="Tc_Shop_7" time="10.062" classname="testCases.ShopPage"/>
  <testcase name="Tc_Shop_17" time="10.064" classname="testCases.ShopPage"/>
  <testcase name="Tc_Shop_1" time="44.381" classname="testCases.ShopPage"/>
  <testcase name="Tc_Shop_2_3" time="14.828" classname="testCases.ShopPage"/>
</testsuite> <!-- testCases.ShopPage -->
