<?xml version="1.0" encoding="UTF-8"?>
<!-- Generated by org.testng.reporters.JUnitReportReporter -->
<testsuite skipped="0" hostname="DESKTOP-URKGA8H" name="testCases.Shipments" tests="4" failures="0" timestamp="09 Jul 2018 08:04:46 GMT" time="99.026" errors="0">
  <testcase name="Tc_SH_04" time="35.788" classname="testCases.Shipments"/>
  <testcase name="Tc_SH_01" time="44.869" classname="testCases.Shipments"/>
  <testcase name="Tc_SH_03" time="11.269" classname="testCases.Shipments"/>
  <testcase name="Tc_SH_02" time="7.100" classname="testCases.Shipments"/>
</testsuite> <!-- testCases.Shipments -->
