<?xml version="1.0" encoding="UTF-8"?>
<!-- Generated by org.testng.reporters.JUnitReportReporter -->
<testsuite skipped="0" hostname="DESKTOP-URKGA8H" name="testCases.ManageInventory" tests="5" failures="0" timestamp="09 Jul 2018 08:13:06 GMT" time="162.795" errors="0">
  <testcase name="Tc_manageInv_05_06" time="11.504" classname="testCases.ManageInventory"/>
  <testcase name="Tc_manageInv_07" time="7.088" classname="testCases.ManageInventory"/>
  <testcase name="Tc_manageInv_02_09" time="8.457" classname="testCases.ManageInventory"/>
  <testcase name="Tc_manageInv_01" time="62.697" classname="testCases.ManageInventory"/>
  <testcase name="Tc_manageInv_03" time="73.049" classname="testCases.ManageInventory"/>
</testsuite> <!-- testCases.ManageInventory -->
