<?xml version="1.0" encoding="UTF-8"?>
<!-- Generated by org.testng.reporters.JUnitReportReporter -->
<testsuite skipped="0" hostname="DESKTOP-URKGA8H" name="testcases_functionality.Testm" tests="1" failures="0" timestamp="02 Jul 2018 13:47:36 GMT" time="230.045" errors="0">
  <testcase name="Tc_Test_002" time="230.045" classname="testcases_functionality.Testm"/>
</testsuite> <!-- testcases_functionality.Testm -->
