<?xml version="1.0" encoding="UTF-8"?>
<!-- Generated by org.testng.reporters.JUnitReportReporter -->
<testsuite skipped="0" hostname="DESKTOP-URKGA8H" name="testCases.Procedures" tests="4" failures="0" timestamp="09 Jul 2018 15:10:02 GMT" time="115.310" errors="0">
  <testcase name="Tc_Procedures_07" time="13.476" classname="testCases.Procedures"/>
  <testcase name="Tc_Procedures_05_06" time="8.290" classname="testCases.Procedures"/>
  <testcase name="Tc_Procedures_01_02_03" time="70.146" classname="testCases.Procedures"/>
  <testcase name="Tc_Procedures_04" time="23.398" classname="testCases.Procedures"/>
</testsuite> <!-- testCases.Procedures -->
