<?xml version="1.0" encoding="UTF-8"?>
<!-- Generated by org.testng.reporters.JUnitReportReporter -->
<testsuite skipped="0" hostname="DESKTOP-URKGA8H" name="testCases.OperatingRoom" tests="1" failures="0" timestamp="01 May 2018 16:48:07 GMT" time="194.909" errors="0">
  <testcase name="Tc_OP_01_02" time="194.909" classname="testCases.OperatingRoom"/>
</testsuite> <!-- testCases.OperatingRoom -->
