<?xml version="1.0" encoding="UTF-8"?>
<!-- Generated by org.testng.reporters.JUnitReportReporter -->
<testsuite skipped="0" hostname="DESKTOP-URKGA8H" name="testcases_functionality.TC_Dashboard" tests="4" failures="0" timestamp="09 May 2018 12:36:50 GMT" time="339.726" errors="0">
  <testcase name="Tc_Dashboard_004" time="96.483" classname="testcases_functionality.TC_Dashboard"/>
  <testcase name="Tc_Dashboard_001" time="167.974" classname="testcases_functionality.TC_Dashboard"/>
  <testcase name="Tc_Dashboard_002" time="42.889" classname="testcases_functionality.TC_Dashboard"/>
  <testcase name="Tc_Dashboard_003" time="32.380" classname="testcases_functionality.TC_Dashboard"/>
</testsuite> <!-- testcases_functionality.TC_Dashboard -->
