<?xml version="1.0" encoding="UTF-8"?>
<!-- Generated by org.testng.reporters.JUnitReportReporter -->
<testsuite skipped="0" hostname="DESKTOP-URKGA8H" name="testCases.Planner" tests="2" failures="0" timestamp="10 Jul 2018 05:58:28 GMT" time="60.781" errors="0">
  <testcase name="Tc_Planner_01" time="51.588" classname="testCases.Planner"/>
  <testcase name="Tc_Planner_02" time="9.193" classname="testCases.Planner"/>
</testsuite> <!-- testCases.Planner -->
