<?xml version="1.0" encoding="UTF-8"?>
<!-- Generated by org.testng.reporters.JUnitReportReporter -->
<testsuite skipped="0" hostname="DESKTOP-URKGA8H" name="testCases.Cases" tests="2" failures="0" timestamp="09 Jul 2018 15:15:04 GMT" time="54.263" errors="0">
  <testcase name="Tc_Cases_02" time="9.159" classname="testCases.Cases"/>
  <testcase name="Tc_Cases_01" time="45.104" classname="testCases.Cases"/>
</testsuite> <!-- testCases.Cases -->
