<?xml version="1.0" encoding="UTF-8"?>
<!-- Generated by org.testng.reporters.JUnitReportReporter -->
<testsuite skipped="0" hostname="DESKTOP-URKGA8H" name="testcases_functionality.TC_News" tests="1" failures="0" timestamp="24 May 2018 13:11:34 GMT" time="273.620" errors="0">
  <testcase name="TC_News_001" time="273.620" classname="testcases_functionality.TC_News"/>
</testsuite> <!-- testcases_functionality.TC_News -->
