<?xml version="1.0" encoding="UTF-8"?>
<!-- Generated by org.testng.reporters.JUnitReportReporter -->
<testsuite skipped="0" hostname="DESKTOP-URKGA8H" name="testcases_functionality.TC_Shop" tests="1" failures="0" timestamp="31 May 2018 06:10:41 GMT" time="310.907" errors="0">
  <testcase name="Tc_Shop_001" time="310.907" classname="testcases_functionality.TC_Shop"/>
</testsuite> <!-- testcases_functionality.TC_Shop -->
