<?xml version="1.0" encoding="UTF-8"?>
<!-- Generated by org.testng.reporters.JUnitReportReporter -->
<testsuite skipped="0" hostname="DESKTOP-URKGA8H" name="testcases_functionality.TC_OperationRoom" tests="1" failures="0" timestamp="11 Jul 2018 13:21:06 GMT" time="87.917" errors="0">
  <testcase name="TC_OperationRoom_002" time="87.917" classname="testcases_functionality.TC_OperationRoom"/>
</testsuite> <!-- testcases_functionality.TC_OperationRoom -->
