<?xml version="1.0" encoding="UTF-8"?>
<!-- Generated by org.testng.reporters.JUnitReportReporter -->
<testsuite skipped="0" hostname="DESKTOP-URKGA8H" name="testcases_functionality.TC_PoSpecialInstructions" tests="1" failures="0" timestamp="25 May 2018 05:56:32 GMT" time="401.574" errors="0">
  <testcase name="Tc_PoSpecialInstructions_001" time="401.574" classname="testcases_functionality.TC_PoSpecialInstructions"/>
</testsuite> <!-- testcases_functionality.TC_PoSpecialInstructions -->
